[01m[K/home/roboticist/0_Projects/tail_mate/src/followme_drone/scripts/multi_waypoints.cpp:82:29:[m[K [01;35m[Kwarning: [m[Kuse of â€˜[01m[Kauto[m[Kâ€™ in parameter declaration only available with â€˜[01m[K-std=c++20[m[Kâ€™ or â€˜[01m[K-fconcepts[m[Kâ€™
   82 |     void handleResult(const [01;35m[Kauto[m[K &result) {
      |                             [01;35m[K^~~~[m[K
[01m[K/home/roboticist/0_Projects/tail_mate/src/followme_drone/scripts/multi_waypoints.cpp:[m[K In member function â€˜[01m[Kvoid SecurityPatrol::handleResult(const auto:40&)[m[Kâ€™:
[01m[K/home/roboticist/0_Projects/tail_mate/src/followme_drone/scripts/multi_waypoints.cpp:86:33:[m[K [01;31m[Kerror: [m[Kâ€˜[01m[Kclass std::vector<std::array<double, 2> >[m[Kâ€™ has no member named â€˜[01m[Kreverse[m[Kâ€™; did you mean â€˜[01m[Kreserve[m[Kâ€™?
   86 |                 security_route_.[01;31m[Kreverse[m[K();
      |                                 [01;31m[K^~~~~~~[m[K
      |                                 [32m[Kreserve[m[K
/home/roboticist/0_Projects/tail_mate/src/followme_drone/scripts/multi_waypoints.cpp: In instantiation of â€˜[01m[Kvoid SecurityPatrol::handleResult(const auto:40&) [with auto:40 = rclcpp_action::ClientGoalHandle<nav2_msgs::action::NavigateThroughPoses>::WrappedResult][m[Kâ€™:
[01m[K/home/roboticist/0_Projects/tail_mate/src/followme_drone/scripts/multi_waypoints.cpp:51:29:[m[K   required from here
[01m[K/home/roboticist/0_Projects/tail_mate/src/followme_drone/scripts/multi_waypoints.cpp:83:9:[m[K [01;35m[Kwarning: [m[Kenumeration value â€˜[01m[KUNKNOWN[m[Kâ€™ not handled in switch [[01;35m[K]8;;https://gcc.gnu.org/onlinedocs/gcc/Warning-Options.html#index-Wswitch-Wswitch]8;;[m[K]
   83 |         [01;35m[Kswitch[m[K (result.code) {
      |         [01;35m[K^~~~~~[m[K
gmake[2]: *** [CMakeFiles/tb3_nav_node.dir/build.make:76: CMakeFiles/tb3_nav_node.dir/scripts/multi_waypoints.cpp.o] Error 1
gmake[1]: *** [CMakeFiles/Makefile2:141: CMakeFiles/tb3_nav_node.dir/all] Error 2
gmake: *** [Makefile:146: all] Error 2
