[0.029s] Invoking command in '/home/roboticist/0_Projects/tail_mate/build/followme_drone': CMAKE_PREFIX_PATH=${CMAKE_PREFIX_PATH}:/home/roboticist/0_Projects/tail_mate/install/sjtu_drone_control:/home/roboticist/0_Projects/tail_mate/install/sjtu_drone_bringup:/opt/ros/humble /usr/bin/cmake --build /home/roboticist/0_Projects/tail_mate/build/followme_drone -- -j20 -l20
[0.509s] -- Found ament_cmake: 1.3.11 (/opt/ros/humble/share/ament_cmake/cmake)
[0.509s] -- Found rclcpp: 16.0.12 (/opt/ros/humble/share/rclcpp/cmake)
[0.509s] -- Found rosidl_generator_c: 3.1.6 (/opt/ros/humble/share/rosidl_generator_c/cmake)
[0.509s] -- Found rosidl_adapter: 3.1.6 (/opt/ros/humble/share/rosidl_adapter/cmake)
[0.509s] -- Found rosidl_generator_cpp: 3.1.6 (/opt/ros/humble/share/rosidl_generator_cpp/cmake)
[0.509s] -- Using all available rosidl_typesupport_c: rosidl_typesupport_fastrtps_c;rosidl_typesupport_introspection_c
[0.510s] -- Using all available rosidl_typesupport_cpp: rosidl_typesupport_fastrtps_cpp;rosidl_typesupport_introspection_cpp
[0.510s] -- Found rmw_implementation_cmake: 6.1.2 (/opt/ros/humble/share/rmw_implementation_cmake/cmake)
[0.510s] -- Found rmw_fastrtps_cpp: 6.2.7 (/opt/ros/humble/share/rmw_fastrtps_cpp/cmake)
[0.510s] -- Using RMW implementation 'rmw_fastrtps_cpp' as default
[0.510s] -- Found geometry_msgs: 4.8.0 (/opt/ros/humble/share/geometry_msgs/cmake)
[0.510s] -- Found sensor_msgs: 4.8.0 (/opt/ros/humble/share/sensor_msgs/cmake)
[0.510s] -- Found cv_bridge: 3.2.1 (/opt/ros/humble/share/cv_bridge/cmake)
[0.510s] -- Found nav_msgs: 4.8.0 (/opt/ros/humble/share/nav_msgs/cmake)
[0.510s] -- Found nav2_msgs: 1.1.18 (/opt/ros/humble/share/nav2_msgs/cmake)
[0.516s] -- Found nav2_util: 1.1.18 (/opt/ros/humble/share/nav2_util/cmake)
[0.633s] -- Found eigen3_cmake_module: 0.1.1 (/opt/ros/humble/share/eigen3_cmake_module/cmake)
[0.634s] -- Found Eigen3: TRUE (found version "3.4.0") 
[0.634s] -- Ensuring Eigen3 include directory is part of orocos-kdl CMake target
[0.714s] -- Found ament_lint_auto: 0.12.12 (/opt/ros/humble/share/ament_lint_auto/cmake)
[0.780s] -- Added test 'cppcheck' to perform static code analysis on C / C++ code
[0.780s] -- Configured cppcheck include dirs: 
[0.780s] -- Configured cppcheck exclude dirs and/or files: 
[0.781s] -- Added test 'flake8' to check Python code syntax and style conventions
[0.781s] -- Added test 'lint_cmake' to check CMake code style
[0.781s] -- Added test 'pep257' to check Python code against some of the docstring style conventions in PEP 257
[0.783s] -- Added test 'uncrustify' to check C / C++ code style
[0.783s] -- Configured uncrustify additional arguments: 
[0.783s] -- Added test 'xmllint' to check XML markup files
[0.785s] -- Configuring done
[0.847s] -- Generating done
[0.854s] -- Build files have been written to: /home/roboticist/0_Projects/tail_mate/build/followme_drone
[0.877s] [35m[1mConsolidate compiler generated dependencies of target drive_node[0m
[0.877s] [35m[1mConsolidate compiler generated dependencies of target tb3_follower[0m
[0.884s] [ 16%] [32mBuilding CXX object CMakeFiles/tb3_nav_node.dir/scripts/multi_waypoints.cpp.o[0m
[0.887s] [ 50%] Built target drive_node
[0.890s] [ 83%] Built target tb3_follower
[2.715s] [01m[K/home/roboticist/0_Projects/tail_mate/src/followme_drone/scripts/multi_waypoints.cpp:82:29:[m[K [01;35m[Kwarning: [m[Kuse of â€˜[01m[Kauto[m[Kâ€™ in parameter declaration only available with â€˜[01m[K-std=c++20[m[Kâ€™ or â€˜[01m[K-fconcepts[m[Kâ€™
[2.716s]    82 |     void handleResult(const [01;35m[Kauto[m[K &result) {
[2.716s]       |                             [01;35m[K^~~~[m[K
[2.766s] [01m[K/home/roboticist/0_Projects/tail_mate/src/followme_drone/scripts/multi_waypoints.cpp:[m[K In member function â€˜[01m[Kvoid SecurityPatrol::handleResult(const auto:40&)[m[Kâ€™:
[2.766s] [01m[K/home/roboticist/0_Projects/tail_mate/src/followme_drone/scripts/multi_waypoints.cpp:86:33:[m[K [01;31m[Kerror: [m[Kâ€˜[01m[Kclass std::vector<std::array<double, 2> >[m[Kâ€™ has no member named â€˜[01m[Kreverse[m[Kâ€™; did you mean â€˜[01m[Kreserve[m[Kâ€™?
[2.766s]    86 |                 security_route_.[01;31m[Kreverse[m[K();
[2.766s]       |                                 [01;31m[K^~~~~~~[m[K
[2.766s]       |                                 [32m[Kreserve[m[K
[2.858s] /home/roboticist/0_Projects/tail_mate/src/followme_drone/scripts/multi_waypoints.cpp: In instantiation of â€˜[01m[Kvoid SecurityPatrol::handleResult(const auto:40&) [with auto:40 = rclcpp_action::ClientGoalHandle<nav2_msgs::action::NavigateThroughPoses>::WrappedResult][m[Kâ€™:
[2.858s] [01m[K/home/roboticist/0_Projects/tail_mate/src/followme_drone/scripts/multi_waypoints.cpp:51:29:[m[K   required from here
[2.858s] [01m[K/home/roboticist/0_Projects/tail_mate/src/followme_drone/scripts/multi_waypoints.cpp:83:9:[m[K [01;35m[Kwarning: [m[Kenumeration value â€˜[01m[KUNKNOWN[m[Kâ€™ not handled in switch [[01;35m[K]8;;https://gcc.gnu.org/onlinedocs/gcc/Warning-Options.html#index-Wswitch-Wswitch]8;;[m[K]
[2.858s]    83 |         [01;35m[Kswitch[m[K (result.code) {
[2.858s]       |         [01;35m[K^~~~~~[m[K
[3.707s] gmake[2]: *** [CMakeFiles/tb3_nav_node.dir/build.make:76: CMakeFiles/tb3_nav_node.dir/scripts/multi_waypoints.cpp.o] Error 1
[3.707s] gmake[1]: *** [CMakeFiles/Makefile2:141: CMakeFiles/tb3_nav_node.dir/all] Error 2
[3.707s] gmake: *** [Makefile:146: all] Error 2
[3.709s] Invoked command in '/home/roboticist/0_Projects/tail_mate/build/followme_drone' returned '2': CMAKE_PREFIX_PATH=${CMAKE_PREFIX_PATH}:/home/roboticist/0_Projects/tail_mate/install/sjtu_drone_control:/home/roboticist/0_Projects/tail_mate/install/sjtu_drone_bringup:/opt/ros/humble /usr/bin/cmake --build /home/roboticist/0_Projects/tail_mate/build/followme_drone -- -j20 -l20
