[0.023s] Invoking command in '/home/roboticist/0_Projects/tail_mate/build/followme_drone': CMAKE_PREFIX_PATH=/opt/ros/humble /usr/bin/cmake --build /home/roboticist/0_Projects/tail_mate/build/followme_drone -- -j20 -l20
[0.403s] -- Found ament_cmake: 1.3.11 (/opt/ros/humble/share/ament_cmake/cmake)
[0.403s] -- Found rclcpp: 16.0.12 (/opt/ros/humble/share/rclcpp/cmake)
[0.403s] -- Found rosidl_generator_c: 3.1.6 (/opt/ros/humble/share/rosidl_generator_c/cmake)
[0.403s] -- Found rosidl_adapter: 3.1.6 (/opt/ros/humble/share/rosidl_adapter/cmake)
[0.403s] -- Found rosidl_generator_cpp: 3.1.6 (/opt/ros/humble/share/rosidl_generator_cpp/cmake)
[0.403s] -- Using all available rosidl_typesupport_c: rosidl_typesupport_fastrtps_c;rosidl_typesupport_introspection_c
[0.403s] -- Using all available rosidl_typesupport_cpp: rosidl_typesupport_fastrtps_cpp;rosidl_typesupport_introspection_cpp
[0.403s] -- Found rmw_implementation_cmake: 6.1.2 (/opt/ros/humble/share/rmw_implementation_cmake/cmake)
[0.403s] -- Found rmw_fastrtps_cpp: 6.2.7 (/opt/ros/humble/share/rmw_fastrtps_cpp/cmake)
[0.404s] -- Using RMW implementation 'rmw_fastrtps_cpp' as default
[0.404s] -- Found geometry_msgs: 4.8.0 (/opt/ros/humble/share/geometry_msgs/cmake)
[0.404s] -- Found sensor_msgs: 4.8.0 (/opt/ros/humble/share/sensor_msgs/cmake)
[0.404s] -- Found cv_bridge: 3.2.1 (/opt/ros/humble/share/cv_bridge/cmake)
[0.404s] -- Found gazebo_msgs: 3.9.0 (/opt/ros/humble/share/gazebo_msgs/cmake)
[0.445s] -- Found nav_msgs: 4.8.0 (/opt/ros/humble/share/nav_msgs/cmake)
[0.446s] -- Found nav2_msgs: 1.1.18 (/opt/ros/humble/share/nav2_msgs/cmake)
[0.483s] -- Found nav2_util: 1.1.18 (/opt/ros/humble/share/nav2_util/cmake)
[0.521s] -- Found eigen3_cmake_module: 0.1.1 (/opt/ros/humble/share/eigen3_cmake_module/cmake)
[0.522s] -- Ensuring Eigen3 include directory is part of orocos-kdl CMake target
[0.556s] -- Found ament_lint_auto: 0.12.12 (/opt/ros/humble/share/ament_lint_auto/cmake)
[0.612s] -- Added test 'cppcheck' to perform static code analysis on C / C++ code
[0.612s] -- Configured cppcheck include dirs: 
[0.612s] -- Configured cppcheck exclude dirs and/or files: 
[0.612s] -- Added test 'flake8' to check Python code syntax and style conventions
[0.613s] -- Added test 'lint_cmake' to check CMake code style
[0.613s] -- Added test 'pep257' to check Python code against some of the docstring style conventions in PEP 257
[0.614s] -- Added test 'uncrustify' to check C / C++ code style
[0.614s] -- Configured uncrustify additional arguments: 
[0.614s] -- Added test 'xmllint' to check XML markup files
[0.614s] -- Configuring done
[0.639s] -- Generating done
[0.646s] -- Build files have been written to: /home/roboticist/0_Projects/tail_mate/build/followme_drone
[0.665s] [35m[1mConsolidate compiler generated dependencies of target tb3_follower[0m
[0.665s] [35m[1mConsolidate compiler generated dependencies of target tb3_nav_node[0m
[0.666s] [35m[1mConsolidate compiler generated dependencies of target drive_node[0m
[0.674s] [ 12%] [32mBuilding CXX object CMakeFiles/drone_patrol_controller.dir/scripts/drone_patrol_controller.cpp.o[0m
[0.675s] [ 37%] Built target tb3_nav_node
[0.675s] [ 62%] Built target tb3_follower
[0.677s] [ 87%] Built target drive_node
[0.865s] In file included from [01m[K/home/roboticist/0_Projects/tail_mate/src/followme_drone/scripts/drone_patrol_controller.cpp:1[m[K:
[0.865s] [01m[K/home/roboticist/0_Projects/tail_mate/src/followme_drone/scripts/../include/drone_patrol_controller.hpp:14:10:[m[K [01;31m[Kfatal error: [m[Knav_msgs/msg/odometry.hpp: No such file or directory
[0.865s]    14 | #include [01;31m[K"nav_msgs/msg/odometry.hpp"[m[K
[0.865s]       |          [01;31m[K^~~~~~~~~~~~~~~~~~~~~~~~~~~[m[K
[0.865s] compilation terminated.
[0.867s] gmake[2]: *** [CMakeFiles/drone_patrol_controller.dir/build.make:76: CMakeFiles/drone_patrol_controller.dir/scripts/drone_patrol_controller.cpp.o] Error 1
[0.867s] gmake[1]: *** [CMakeFiles/Makefile2:169: CMakeFiles/drone_patrol_controller.dir/all] Error 2
[0.867s] gmake: *** [Makefile:146: all] Error 2
[0.870s] Invoked command in '/home/roboticist/0_Projects/tail_mate/build/followme_drone' returned '2': CMAKE_PREFIX_PATH=/opt/ros/humble /usr/bin/cmake --build /home/roboticist/0_Projects/tail_mate/build/followme_drone -- -j20 -l20
