[35m[1mConsolidate compiler generated dependencies of target drone_patrol_controller[0m
[35m[1mConsolidate compiler generated dependencies of target drive_node[0m
[ 25%] Built target tb3_follower
[ 37%] [32mBuilding CXX object CMakeFiles/drone_patrol_controller.dir/scripts/drone_patrol_controller.cpp.o[0m
[ 62%] Built target drive_node
[ 87%] Built target tb3_nav_node
[01m[K/home/roboticist/0_Projects/tail_mate/src/followme_drone/scripts/drone_patrol_controller.cpp:8:10:[m[K [01;31m[Kfatal error: [m[Kdrone_patrol_controller.hpp: No such file or directory
    8 | #include [01;31m[K"drone_patrol_controller.hpp"[m[K
      |          [01;31m[K^~~~~~~~~~~~~~~~~~~~~~~~~~~~~[m[K
compilation terminated.
gmake[2]: *** [CMakeFiles/drone_patrol_controller.dir/build.make:76: CMakeFiles/drone_patrol_controller.dir/scripts/drone_patrol_controller.cpp.o] Error 1
gmake[1]: *** [CMakeFiles/Makefile2:169: CMakeFiles/drone_patrol_controller.dir/all] Error 2
gmake: *** [Makefile:146: all] Error 2
