[0.031s] Invoking command in '/home/roboticist/0_Projects/tail_mate/build/followme_drone': CMAKE_PREFIX_PATH=${CMAKE_PREFIX_PATH}:/home/roboticist/0_Projects/tail_mate/install/sjtu_drone_control:/home/roboticist/0_Projects/tail_mate/install/sjtu_drone_bringup:/opt/ros/humble /usr/bin/cmake --build /home/roboticist/0_Projects/tail_mate/build/followme_drone -- -j20 -l20
[0.420s] [35m[1mConsolidate compiler generated dependencies of target drone_patrol_controller[0m
[0.420s] [35m[1mConsolidate compiler generated dependencies of target drive_node[0m
[0.421s] [ 25%] Built target tb3_follower
[0.421s] [ 37%] [32mBuilding CXX object CMakeFiles/drone_patrol_controller.dir/scripts/drone_patrol_controller.cpp.o[0m
[0.421s] [ 62%] Built target drive_node
[0.421s] [ 87%] Built target tb3_nav_node
[0.421s] [01m[K/home/roboticist/0_Projects/tail_mate/src/followme_drone/scripts/drone_patrol_controller.cpp:8:10:[m[K [01;31m[Kfatal error: [m[Kdrone_patrol_controller.hpp: No such file or directory
[0.421s]     8 | #include [01;31m[K"drone_patrol_controller.hpp"[m[K
[0.421s]       |          [01;31m[K^~~~~~~~~~~~~~~~~~~~~~~~~~~~~[m[K
[0.421s] compilation terminated.
[0.421s] gmake[2]: *** [CMakeFiles/drone_patrol_controller.dir/build.make:76: CMakeFiles/drone_patrol_controller.dir/scripts/drone_patrol_controller.cpp.o] Error 1
[0.421s] gmake[1]: *** [CMakeFiles/Makefile2:169: CMakeFiles/drone_patrol_controller.dir/all] Error 2
[0.421s] gmake: *** [Makefile:146: all] Error 2
[0.433s] Invoked command in '/home/roboticist/0_Projects/tail_mate/build/followme_drone' returned '2': CMAKE_PREFIX_PATH=${CMAKE_PREFIX_PATH}:/home/roboticist/0_Projects/tail_mate/install/sjtu_drone_control:/home/roboticist/0_Projects/tail_mate/install/sjtu_drone_bringup:/opt/ros/humble /usr/bin/cmake --build /home/roboticist/0_Projects/tail_mate/build/followme_drone -- -j20 -l20
